<?xml version="1.0" encoding="UTF-8"?><testsuite errors="0" failures="0" name="uk.bestbuyapi.storeinfo.StoreCurdTest" skipped="0" tests="5" time="5.47" timestamp="2023-03-01T15:30:29.993Z[Europe/London]"><testcase classname="uk.bestbuyapi.storeinfo.StoreCurdTest" name="get all stores list"/><testcase classname="uk.bestbuyapi.storeinfo.StoreCurdTest" name="create new stores"/><testcase classname="uk.bestbuyapi.storeinfo.StoreCurdTest" name="Verify if stores was created"/><testcase classname="uk.bestbuyapi.storeinfo.StoreCurdTest" name="update the stores and verify the update information"/><testcase classname="uk.bestbuyapi.storeinfo.StoreCurdTest" name="Delete the stores and verify if the stores is deleted"/></testsuite>