<?xml version="1.0" encoding="UTF-8"?><testsuite errors="0" failures="0" name="uk.bestbuyapi.storeinfo.StoreCurdTestWithTest" skipped="0" tests="4" time="57.21" timestamp="2023-03-01T15:32:12.666Z[Europe/London]"><testcase classname="uk.bestbuyapi.storeinfo.StoreCurdTestWithTest" name="This will create a new stores"/><testcase classname="uk.bestbuyapi.storeinfo.StoreCurdTestWithTest" name="verify if stores is created"/><testcase classname="uk.bestbuyapi.storeinfo.StoreCurdTestWithTest" name="update the stores information"/><testcase classname="uk.bestbuyapi.storeinfo.StoreCurdTestWithTest" name="Delete stores info by storeID and verify its deleted"/></testsuite>