<?xml version="1.0" encoding="UTF-8"?><testsuite errors="0" failures="0" name="uk.bestbuyapi.categoriesinfo.CategoriesCurdTest" skipped="0" tests="5" time="6.58" timestamp="2023-03-01T15:25:01.952Z[Europe/London]"><testcase classname="uk.bestbuyapi.categoriesinfo.CategoriesCurdTest" name="get all categories list"/><testcase classname="uk.bestbuyapi.categoriesinfo.CategoriesCurdTest" name="This will create a new categories"/><testcase classname="uk.bestbuyapi.categoriesinfo.CategoriesCurdTest" name="Verify if categories was created"/><testcase classname="uk.bestbuyapi.categoriesinfo.CategoriesCurdTest" name="update the categories and verify the update information"/><testcase classname="uk.bestbuyapi.categoriesinfo.CategoriesCurdTest" name="Delete the categories and verify if the categories is deleted"/></testsuite>