<?xml version="1.0" encoding="UTF-8"?><testsuite errors="0" failures="0" name="uk.bestbuyapi.productinfo.ProductCurdTest" skipped="0" tests="5" time="5.85" timestamp="2023-03-01T15:29:01.558Z[Europe/London]"><testcase classname="uk.bestbuyapi.productinfo.ProductCurdTest" name="get all product list"/><testcase classname="uk.bestbuyapi.productinfo.ProductCurdTest" name="create new product"/><testcase classname="uk.bestbuyapi.productinfo.ProductCurdTest" name="Verify if product was created"/><testcase classname="uk.bestbuyapi.productinfo.ProductCurdTest" name="update the product and verify the update information"/><testcase classname="uk.bestbuyapi.productinfo.ProductCurdTest" name="Delete the product and verify if the product is deleted"/></testsuite>