<?xml version="1.0" encoding="UTF-8"?><testsuite errors="0" failures="0" name="uk.bestbuyapi.categoriesinfo.CategoriesCurdTestWithStep" skipped="0" tests="4" time="5.7" timestamp="2023-03-01T15:25:25.286Z[Europe/London]"><testcase classname="uk.bestbuyapi.categoriesinfo.CategoriesCurdTestWithStep" name="This will create a new categories"/><testcase classname="uk.bestbuyapi.categoriesinfo.CategoriesCurdTestWithStep" name="verify if categories is created"/><testcase classname="uk.bestbuyapi.categoriesinfo.CategoriesCurdTestWithStep" name="update the categories information"/><testcase classname="uk.bestbuyapi.categoriesinfo.CategoriesCurdTestWithStep" name="Delete categories info by StudentID and verify its deleted"/></testsuite>