<?xml version="1.0" encoding="UTF-8"?><testsuite errors="0" failures="0" name="uk.bestbuyapi.serviceinfo.ServiceCurdTestWithStep" skipped="0" tests="4" time="5.42" timestamp="2023-03-01T15:30:06.841Z[Europe/London]"><testcase classname="uk.bestbuyapi.serviceinfo.ServiceCurdTestWithStep" name="This will create a new categories"/><testcase classname="uk.bestbuyapi.serviceinfo.ServiceCurdTestWithStep" name="verify if categories is created"/><testcase classname="uk.bestbuyapi.serviceinfo.ServiceCurdTestWithStep" name="update the categories information"/><testcase classname="uk.bestbuyapi.serviceinfo.ServiceCurdTestWithStep" name="Delete categories info by StudentID and verify its deleted"/></testsuite>