<?xml version="1.0" encoding="UTF-8"?><testsuite errors="0" failures="0" name="uk.bestbuyapi.serviceinfo.ServiceCurdTest" skipped="0" tests="5" time="4.87" timestamp="2023-03-01T15:29:48.963Z[Europe/London]"><testcase classname="uk.bestbuyapi.serviceinfo.ServiceCurdTest" name="get all Services list"/><testcase classname="uk.bestbuyapi.serviceinfo.ServiceCurdTest" name="This will create a new Services"/><testcase classname="uk.bestbuyapi.serviceinfo.ServiceCurdTest" name="Verify if Services was created"/><testcase classname="uk.bestbuyapi.serviceinfo.ServiceCurdTest" name="update the Services and verify the update information"/><testcase classname="uk.bestbuyapi.serviceinfo.ServiceCurdTest" name="Delete the Services and verify if the Services is deleted"/></testsuite>