<?xml version="1.0" encoding="UTF-8"?><testsuite errors="0" failures="1" name="uk.bestbuyapi.productinfo.ProductCurdTest" skipped="0" tests="1" time="2.49" timestamp="2023-02-26T21:23:44.495Z[Europe/London]"><testcase classname="uk.bestbuyapi.productinfo.ProductCurdTest" name="Test004"><failure message="1 expectation failed.&#10;Expected status code &lt;200&gt; but was &lt;404&gt;.&#10;" type="java.lang.AssertionError">1 expectation failed.
Expected status code &lt;200&gt; but was &lt;404&gt;.
</failure><system-err>1 expectation failed.
Expected status code &lt;200&gt; but was &lt;404&gt;.
&#13;
io.restassured.internal.ResponseSpecificationImpl.validateResponseIfRequired(ResponseSpecificationImpl.groovy:636)&#13;
io.restassured.internal.ResponseSpecificationImpl.statusCode(ResponseSpecificationImpl.groovy:122)&#13;
io.restassured.internal.ResponseSpecificationImpl.statusCode(ResponseSpecificationImpl.groovy:130)&#13;
io.restassured.internal.ValidatableResponseOptionsImpl.statusCode(ValidatableResponseOptionsImpl.java:117)&#13;
uk.bestbuyapi.productinfo.ProductCurdTest.test004(ProductCurdTest.java:93)&#13;
</system-err></testcase></testsuite>