<?xml version="1.0" encoding="UTF-8"?><testsuite errors="0" failures="0" name="uk.bestbuyapi.productinfo.ProductCurdTestWithStep" skipped="0" tests="4" time="5.52" timestamp="2023-03-01T15:29:30.233Z[Europe/London]"><testcase classname="uk.bestbuyapi.productinfo.ProductCurdTestWithStep" name="This will create a new products"/><testcase classname="uk.bestbuyapi.productinfo.ProductCurdTestWithStep" name="verify if products is created"/><testcase classname="uk.bestbuyapi.productinfo.ProductCurdTestWithStep" name="update the products information"/><testcase classname="uk.bestbuyapi.productinfo.ProductCurdTestWithStep" name="Delete products info by productsID and verify its deleted"/></testsuite>